node:events:491
      throw er; // Unhandled 'error' event
      ^

Error: listen EADDRINUSE: address already in use :::3000
    at Server.setupListenHandle [as _listen2] (node:net:1463:16)
    at listenInCluster (node:net:1511:12)
    at Server.listen (node:net:1599:7)
    at Function.listen (D:\angeloProjeto\restoredHome_angular\testes\restoredHouse\servidor-node\node_modules\express\lib\application.js:635:24)
    at Object.<anonymous> (D:\angeloProjeto\restoredHome_angular\testes\restoredHouse\servidor-node\server.js:210:5)
    at Module._compile (node:internal/modules/cjs/loader:1198:14)
    at Object.Module._extensions..js (node:internal/modules/cjs/loader:1252:10)
    at Module.load (node:internal/modules/cjs/loader:1076:32)
    at Function.Module._load (node:internal/modules/cjs/loader:911:12)
    at Function.executeUserEntryPoint [as runMain] (node:internal/modules/run_main:81:12)
Emitted 'error' event on Server instance at:
    at emitErrorNT (node:net:1490:8)
    at processTicksAndRejections (node:internal/process/task_queues:83:21) {
  code: 'EADDRINUSE',
  errno: -4091,
  syscall: 'listen',
  address: '::',
  port: 3000
}
node:events:491
      throw er; // Unhandled 'error' event
      ^

Error: listen EADDRINUSE: address already in use :::3000
    at Server.setupListenHandle [as _listen2] (node:net:1463:16)
    at listenInCluster (node:net:1511:12)
    at Server.listen (node:net:1599:7)
    at Function.listen (D:\angeloProjeto\restoredHome_angular\testes\restoredHouse\servidor-node\node_modules\express\lib\application.js:635:24)
    at Object.<anonymous> (D:\angeloProjeto\restoredHome_angular\testes\restoredHouse\servidor-node\server.js:210:5)
    at Module._compile (node:internal/modules/cjs/loader:1198:14)
    at Object.Module._extensions..js (node:internal/modules/cjs/loader:1252:10)
    at Module.load (node:internal/modules/cjs/loader:1076:32)
    at Function.Module._load (node:internal/modules/cjs/loader:911:12)
    at Function.executeUserEntryPoint [as runMain] (node:internal/modules/run_main:81:12)
Emitted 'error' event on Server instance at:
    at emitErrorNT (node:net:1490:8)
    at processTicksAndRejections (node:internal/process/task_queues:83:21) {
  code: 'EADDRINUSE',
  errno: -4091,
  syscall: 'listen',
  address: '::',
  port: 3000
}
node:events:491
      throw er; // Unhandled 'error' event
      ^

Error: listen EADDRINUSE: address already in use :::3000
    at Server.setupListenHandle [as _listen2] (node:net:1463:16)
    at listenInCluster (node:net:1511:12)
    at Server.listen (node:net:1599:7)
    at Function.listen (D:\angeloProjeto\restoredHome_angular\testes\restoredHouse\servidor-node\node_modules\express\lib\application.js:635:24)
    at Object.<anonymous> (D:\angeloProjeto\restoredHome_angular\testes\restoredHouse\servidor-node\server.js:210:5)
    at Module._compile (node:internal/modules/cjs/loader:1198:14)
    at Object.Module._extensions..js (node:internal/modules/cjs/loader:1252:10)
    at Module.load (node:internal/modules/cjs/loader:1076:32)
    at Function.Module._load (node:internal/modules/cjs/loader:911:12)
    at Function.executeUserEntryPoint [as runMain] (node:internal/modules/run_main:81:12)
Emitted 'error' event on Server instance at:
    at emitErrorNT (node:net:1490:8)
    at processTicksAndRejections (node:internal/process/task_queues:83:21) {
  code: 'EADDRINUSE',
  errno: -4091,
  syscall: 'listen',
  address: '::',
  port: 3000
}
Error: ENOENT: no such file or directory, stat 'D:\angeloProjeto\restoredHome_angular\testes\restoredHouse\servidor-node\angular\index.html'
Error: ENOENT: no such file or directory, stat 'D:\angeloProjeto\restoredHome_angular\testes\restoredHouse\servidor-node\angular\index.html'
Error: ENOENT: no such file or directory, stat 'D:\angeloProjeto\restoredHome_angular\testes\restoredHouse\servidor-node\angular\index.html'
Error: ENOENT: no such file or directory, stat 'D:\angeloProjeto\restoredHome_angular\testes\restoredHouse\servidor-node\angular\index.html'
node:events:491
      throw er; // Unhandled 'error' event
      ^

Error: Connection lost: The server closed the connection.
    at Protocol.end (D:\angeloProjeto\restoredHome_angular\testes\restoredHouse\servidor-node\node_modules\mysql\lib\protocol\Protocol.js:112:13)
    at Socket.<anonymous> (D:\angeloProjeto\restoredHome_angular\testes\restoredHouse\servidor-node\node_modules\mysql\lib\Connection.js:94:28)
    at Socket.<anonymous> (D:\angeloProjeto\restoredHome_angular\testes\restoredHouse\servidor-node\node_modules\mysql\lib\Connection.js:526:10)
    at Socket.emit (node:events:525:35)
    at endReadableNT (node:internal/streams/readable:1358:12)
    at processTicksAndRejections (node:internal/process/task_queues:83:21)
Emitted 'error' event on Connection instance at:
    at Connection._handleProtocolError (D:\angeloProjeto\restoredHome_angular\testes\restoredHouse\servidor-node\node_modules\mysql\lib\Connection.js:423:8)
    at Protocol.emit (node:events:513:28)
    at Protocol._delegateError (D:\angeloProjeto\restoredHome_angular\testes\restoredHouse\servidor-node\node_modules\mysql\lib\protocol\Protocol.js:398:10)
    at Protocol.end (D:\angeloProjeto\restoredHome_angular\testes\restoredHouse\servidor-node\node_modules\mysql\lib\protocol\Protocol.js:116:8)
    at Socket.<anonymous> (D:\angeloProjeto\restoredHome_angular\testes\restoredHouse\servidor-node\node_modules\mysql\lib\Connection.js:94:28)
    [... lines matching original stack trace ...]
    at processTicksAndRejections (node:internal/process/task_queues:83:21) {
  fatal: true,
  code: 'PROTOCOL_CONNECTION_LOST'
}
Error: ENOENT: no such file or directory, stat 'D:\angeloProjeto\restoredHome_angular\testes\restoredHouse\servidor-node\angular\index.html'
Error: ENOENT: no such file or directory, stat 'D:\angeloProjeto\restoredHome_angular\testes\restoredHouse\servidor-node\angular\index.html'
Error: ENOENT: no such file or directory, stat 'D:\angeloProjeto\restoredHome_angular\testes\restoredHouse\servidor-node\angular\index.html'
Error: ENOENT: no such file or directory, stat 'D:\angeloProjeto\restoredHome_angular\testes\restoredHouse\servidor-node\angular\index.html'
Error: ENOENT: no such file or directory, stat 'D:\angeloProjeto\restoredHome_angular\testes\restoredHouse\servidor-node\angular\index.html'
Error: ENOENT: no such file or directory, stat 'D:\angeloProjeto\restoredHome_angular\testes\restoredHouse\servidor-node\angular\index.html'
